<?xml version="1.0" encoding="UTF-8"?>
<testng-results ignored="0" total="1" passed="1" failed="0" skipped="0">
  <reporter-output>
  </reporter-output>
  <suite started-at="2025-11-20T15:36:44 IST" name="Suite" finished-at="2025-11-20T15:36:52 IST" duration-ms="7930">
    <groups>
      <group name="Master">
        <method signature="TC_01_AccountRegister.AccountRegister()[pri:0, instance:TestCases.TC_01_AccountRegister@30c93896]" name="AccountRegister" class="TestCases.TC_01_AccountRegister"/>
      </group> <!-- Master -->
      <group name="Regression">
        <method signature="TC_01_AccountRegister.AccountRegister()[pri:0, instance:TestCases.TC_01_AccountRegister@30c93896]" name="AccountRegister" class="TestCases.TC_01_AccountRegister"/>
      </group> <!-- Regression -->
      <group name="sanity">
        <method signature="TC_01_AccountRegister.AccountRegister()[pri:0, instance:TestCases.TC_01_AccountRegister@30c93896]" name="AccountRegister" class="TestCases.TC_01_AccountRegister"/>
      </group> <!-- sanity -->
    </groups>
    <test started-at="2025-11-20T15:36:44 IST" name="Test" finished-at="2025-11-20T15:36:52 IST" duration-ms="7930">
      <class name="TestCases.TC_01_AccountRegister">
        <test-method is-config="true" signature="Setup(java.lang.String,java.lang.String)[pri:0, instance:TestCases.TC_01_AccountRegister@30c93896]" started-at="2025-11-20T15:36:44 IST" name="Setup" finished-at="2025-11-20T15:36:49 IST" duration-ms="5008" status="PASS">
          <params>
            <param index="0">
              <value>
                <![CDATA[windows]]>
              </value>
            </param>
            <param index="1">
              <value>
                <![CDATA[chrome]]>
              </value>
            </param>
          </params>
          <reporter-output>
          </reporter-output>
        </test-method> <!-- Setup -->
        <test-method signature="AccountRegister()[pri:0, instance:TestCases.TC_01_AccountRegister@30c93896]" started-at="2025-11-20T15:36:49 IST" name="AccountRegister" finished-at="2025-11-20T15:36:51 IST" duration-ms="2323" status="PASS">
          <reporter-output>
          </reporter-output>
        </test-method> <!-- AccountRegister -->
        <test-method is-config="true" signature="TearDown()[pri:0, instance:TestCases.TC_01_AccountRegister@30c93896]" started-at="2025-11-20T15:36:51 IST" name="TearDown" finished-at="2025-11-20T15:36:52 IST" duration-ms="217" status="PASS">
          <reporter-output>
          </reporter-output>
        </test-method> <!-- TearDown -->
      </class> <!-- TestCases.TC_01_AccountRegister -->
    </test> <!-- Test -->
  </suite> <!-- Suite -->
</testng-results>
