<?xml version="1.0" encoding="UTF-8"?>
<testsuite xmlns:xsi="http://www.w3.org/2001/XMLSchema-instance" xsi:noNamespaceSchemaLocation="https://maven.apache.org/surefire/maven-surefire-plugin/xsd/surefire-test-report.xsd" version="3.0.2" name="TestSuite" time="11.389" tests="1" errors="0" skipped="0" failures="0">
  <properties>
[...]
</properties>
  <testcase name="AccountRegister" classname="TestCases.TC_01_AccountRegister" time="2.341">
    <system-err><![CDATA[2025-11-20T10:06:43.666475400Z main INFO Starting configuration XmlConfiguration[location=C:\Users\aroopa\eclipse-workspace\nopcommerce\target\test-classes\log4j2.xml, lastModified=2025-11-06T09:32:30.688Z]...
2025-11-20T10:06:43.671481100Z main INFO Configuration XmlConfiguration[location=C:\Users\aroopa\eclipse-workspace\nopcommerce\target\test-classes\log4j2.xml, lastModified=2025-11-06T09:32:30.688Z] started.
2025-11-20T10:06:43.675001700Z main INFO Stopping configuration org.apache.logging.log4j.core.config.DefaultConfiguration@e056f20...
2025-11-20T10:06:43.675001700Z main INFO Configuration org.apache.logging.log4j.core.config.DefaultConfiguration@e056f20 stopped.
Nov 20, 2025 3:36:47 PM org.openqa.selenium.devtools.CdpVersionFinder findNearestMatch
WARNING: Unable to find CDP implementation matching 142
Nov 20, 2025 3:36:47 PM org.openqa.selenium.chromium.ChromiumDriver lambda$new$5
WARNING: Unable to find version of CDP to use for 142.0.7444.163. You may need to include a dependency on a specific version of the CDP using something similar to `org.seleniumhq.selenium:selenium-devtools-v86:4.22.0` where the version ("v86") matches the version of the chromium-based browser you're using and the version number of the artifact is the same as Selenium's.
]]></system-err>
  </testcase>
</testsuite>