<?xml version="1.0" encoding="UTF-8"?>
<!-- Generated by org.testng.reporters.JUnitXMLReporter -->
<testsuite ignored="0" hostname="LIN-5CD53086C2" failures="2" tests="2" name="Test" time="0.122" errors="0" timestamp="2025-11-13T14:26:57 IST">
  <testcase classname="TestCases.TC_01_AccountRegister" name="AccountRegister" time="0.05">
    <failure type="java.lang.NullPointerException" message="Cannot invoke &amp;quot;org.apache.logging.log4j.Logger.info(String)&amp;quot; because &amp;quot;this.logger&amp;quot; is null">
      <![CDATA[java.lang.NullPointerException: Cannot invoke "org.apache.logging.log4j.Logger.info(String)" because "this.logger" is null
at TestCases.TC_01_AccountRegister.AccountRegister(TC_01_AccountRegister.java:49)
at java.base/java.util.ArrayList.forEach(ArrayList.java:1596)
... Removed 25 stack frames]]>
    </failure>
  </testcase> <!-- AccountRegister -->
  <testcase classname="TestCases.TC_02_LoginAppilication" name="LoginApplication" time="0.002">
    <failure type="java.lang.NullPointerException" message="Cannot invoke &amp;quot;org.apache.logging.log4j.Logger.info(String)&amp;quot; because &amp;quot;this.logger&amp;quot; is null">
      <![CDATA[java.lang.NullPointerException: Cannot invoke "org.apache.logging.log4j.Logger.info(String)" because "this.logger" is null
at TestCases.TC_02_LoginAppilication.LoginApplication(TC_02_LoginAppilication.java:14)
at java.base/java.util.ArrayList.forEach(ArrayList.java:1596)
... Removed 25 stack frames]]>
    </failure>
  </testcase> <!-- LoginApplication -->
</testsuite> <!-- Test -->
